<?xml version="1.0" encoding="utf-8" standalone="no"?>
<!--This file represents the results of running a test suite-->
<test-results name="D:\repo\poker\poker\poker.csproj" total="0" errors="0" failures="0" not-run="0" inconclusive="0" ignored="0" skipped="0" invalid="0" date="2013-08-18" time="01:24:35">
  <environment nunit-version="2.6.2.12296" clr-version="2.0.50727.5472" os-version="Microsoft Windows NT 6.1.7601 Service Pack 1" platform="Win32NT" cwd="D:\repo\poker\poker" machine-name="ODIN" user="ace" user-domain="Odin" />
  <culture-info current-culture="da-DK" current-uiculture="en-US" />
  <test-suite type="Project" name="D:\repo\poker\poker\poker.csproj" executed="True" result="Inconclusive" success="False" time="0.020" asserts="0">
    <results>
      <test-suite type="Assembly" name="D:\repo\poker\poker\bin\Debug\poker.exe" executed="True" result="Inconclusive" success="False" time="0.004" asserts="0" />
    </results>
  </test-suite>
</test-results>